<?xml version="1.0" encoding="UTF-8"?>
<testsuite name="com.example.myapplication.ExampleUnitTest" tests="2" skipped="0" failures="0" errors="0" timestamp="2022-01-06T15:10:38" hostname="DESKTOP-AKF89B8" time="0.002">
  <properties/>
  <testcase name="addition_isCorrect1" classname="com.example.myapplication.ExampleUnitTest" time="0.001"/>
  <testcase name="addition_isCorrect" classname="com.example.myapplication.ExampleUnitTest" time="0.0"/>
  <system-out><![CDATA[]]></system-out>
  <system-err><![CDATA[]]></system-err>
</testsuite>
